<?xml version="1.0" encoding="UTF-8"?>
<!-- Generated by org.testng.reporters.JUnitReportReporter -->
<testsuite hostname="ravisjlt-01" failures="0" tests="6" name="login_page_test.loginPageTest" time="14.405" errors="0" timestamp="2021-10-23T23:50:34 IST" skipped="0">
  <testcase classname="login_page_test.loginPageTest" name="TC_001" time="1.974"/>
  <system-out/>
  <testcase classname="login_page_test.loginPageTest" name="TC_006" time="0.431"/>
  <system-out/>
  <testcase classname="login_page_test.loginPageTest" name="TC_004" time="0.746"/>
  <system-out/>
  <testcase classname="login_page_test.loginPageTest" name="TC_005" time="9.498"/>
  <system-out/>
  <testcase classname="login_page_test.loginPageTest" name="TC_002" time="0.999"/>
  <system-out/>
  <testcase classname="login_page_test.loginPageTest" name="TC_003" time="0.757"/>
  <system-out/>
</testsuite> <!-- login_page_test.loginPageTest -->
